Analysis & Synthesis report for ALU
Thu Sep 12 14:30:54 2019
Quartus II 64-Bit Version 9.1 Build 350 03/24/2010 Service Pack 2 SJ Full Version


---------------------
; Table of Contents ;
---------------------
  1. Legal Notice
  2. Analysis & Synthesis Summary
  3. Analysis & Synthesis Settings
  4. Parallel Compilation
  5. Analysis & Synthesis Source Files Read
  6. Analysis & Synthesis Resource Usage Summary
  7. Analysis & Synthesis Resource Utilization by Entity
  8. General Register Statistics
  9. Parameter Settings for User Entity Instance: Block2:inst1|74283:inst
 10. Parameter Settings for User Entity Instance: Block1:inst|74283:inst1
 11. Analysis & Synthesis Messages



----------------
; Legal Notice ;
----------------
Copyright (C) 1991-2010 Altera Corporation
Your use of Altera Corporation's design tools, logic functions 
and other software and tools, and its AMPP partner logic 
functions, and any output files from any of the foregoing 
(including device programming or simulation files), and any 
associated documentation or information are expressly subject 
to the terms and conditions of the Altera Program License 
Subscription Agreement, Altera MegaCore Function License 
Agreement, or other applicable license agreement, including, 
without limitation, that your use is for the sole purpose of 
programming logic devices manufactured by Altera and sold by 
Altera or its authorized distributors.  Please refer to the 
applicable agreement for further details.



+------------------------------------------------------------------------------------+
; Analysis & Synthesis Summary                                                       ;
+------------------------------------+-----------------------------------------------+
; Analysis & Synthesis Status        ; Successful - Thu Sep 12 14:30:54 2019         ;
; Quartus II 64-Bit Version          ; 9.1 Build 350 03/24/2010 SP 2 SJ Full Version ;
; Revision Name                      ; ALU                                           ;
; Top-level Entity Name              ; ALU                                           ;
; Family                             ; Cyclone II                                    ;
; Total logic elements               ; 34                                            ;
;     Total combinational functions  ; 34                                            ;
;     Dedicated logic registers      ; 0                                             ;
; Total registers                    ; 0                                             ;
; Total pins                         ; 16                                            ;
; Total virtual pins                 ; 0                                             ;
; Total memory bits                  ; 0                                             ;
; Embedded Multiplier 9-bit elements ; 0                                             ;
; Total PLLs                         ; 0                                             ;
+------------------------------------+-----------------------------------------------+


+----------------------------------------------------------------------------------------------------------------------+
; Analysis & Synthesis Settings                                                                                        ;
+----------------------------------------------------------------------------+--------------------+--------------------+
; Option                                                                     ; Setting            ; Default Value      ;
+----------------------------------------------------------------------------+--------------------+--------------------+
; Device                                                                     ; EP2C35F484C7       ;                    ;
; Top-level entity name                                                      ; ALU                ; ALU                ;
; Family name                                                                ; Cyclone II         ; Stratix II         ;
; Use Generated Physical Constraints File                                    ; Off                ;                    ;
; Use smart compilation                                                      ; Off                ; Off                ;
; Enable parallel Assembler and TimeQuest Timing Analyzer during compilation ; On                 ; On                 ;
; Enable compact report table                                                ; Off                ; Off                ;
; Restructure Multiplexers                                                   ; Auto               ; Auto               ;
; Create Debugging Nodes for IP Cores                                        ; Off                ; Off                ;
; Preserve fewer node names                                                  ; On                 ; On                 ;
; Disable OpenCore Plus hardware evaluation                                  ; Off                ; Off                ;
; Verilog Version                                                            ; Verilog_2001       ; Verilog_2001       ;
; VHDL Version                                                               ; VHDL_1993          ; VHDL_1993          ;
; State Machine Processing                                                   ; Auto               ; Auto               ;
; Safe State Machine                                                         ; Off                ; Off                ;
; Extract Verilog State Machines                                             ; On                 ; On                 ;
; Extract VHDL State Machines                                                ; On                 ; On                 ;
; Ignore Verilog initial constructs                                          ; Off                ; Off                ;
; Iteration limit for constant Verilog loops                                 ; 5000               ; 5000               ;
; Iteration limit for non-constant Verilog loops                             ; 250                ; 250                ;
; Add Pass-Through Logic to Inferred RAMs                                    ; On                 ; On                 ;
; Parallel Synthesis                                                         ; On                 ; On                 ;
; DSP Block Balancing                                                        ; Auto               ; Auto               ;
; NOT Gate Push-Back                                                         ; On                 ; On                 ;
; Power-Up Don't Care                                                        ; On                 ; On                 ;
; Remove Redundant Logic Cells                                               ; Off                ; Off                ;
; Remove Duplicate Registers                                                 ; On                 ; On                 ;
; Ignore CARRY Buffers                                                       ; Off                ; Off                ;
; Ignore CASCADE Buffers                                                     ; Off                ; Off                ;
; Ignore GLOBAL Buffers                                                      ; Off                ; Off                ;
; Ignore ROW GLOBAL Buffers                                                  ; Off                ; Off                ;
; Ignore LCELL Buffers                                                       ; Off                ; Off                ;
; Ignore SOFT Buffers                                                        ; On                 ; On                 ;
; Limit AHDL Integers to 32 Bits                                             ; Off                ; Off                ;
; Optimization Technique                                                     ; Balanced           ; Balanced           ;
; Carry Chain Length                                                         ; 70                 ; 70                 ;
; Auto Carry Chains                                                          ; On                 ; On                 ;
; Auto Open-Drain Pins                                                       ; On                 ; On                 ;
; Perform WYSIWYG Primitive Resynthesis                                      ; Off                ; Off                ;
; Auto ROM Replacement                                                       ; On                 ; On                 ;
; Auto RAM Replacement                                                       ; On                 ; On                 ;
; Auto Shift Register Replacement                                            ; Auto               ; Auto               ;
; Auto Clock Enable Replacement                                              ; On                 ; On                 ;
; Strict RAM Replacement                                                     ; Off                ; Off                ;
; Allow Synchronous Control Signals                                          ; On                 ; On                 ;
; Force Use of Synchronous Clear Signals                                     ; Off                ; Off                ;
; Auto RAM to Logic Cell Conversion                                          ; Off                ; Off                ;
; Auto Resource Sharing                                                      ; Off                ; Off                ;
; Allow Any RAM Size For Recognition                                         ; Off                ; Off                ;
; Allow Any ROM Size For Recognition                                         ; Off                ; Off                ;
; Allow Any Shift Register Size For Recognition                              ; Off                ; Off                ;
; Use LogicLock Constraints during Resource Balancing                        ; On                 ; On                 ;
; Ignore translate_off and synthesis_off directives                          ; Off                ; Off                ;
; Timing-Driven Synthesis                                                    ; Off                ; Off                ;
; Show Parameter Settings Tables in Synthesis Report                         ; On                 ; On                 ;
; Ignore Maximum Fan-Out Assignments                                         ; Off                ; Off                ;
; Synchronization Register Chain Length                                      ; 2                  ; 2                  ;
; PowerPlay Power Optimization                                               ; Normal compilation ; Normal compilation ;
; HDL message level                                                          ; Level2             ; Level2             ;
; Suppress Register Optimization Related Messages                            ; Off                ; Off                ;
; Number of Removed Registers Reported in Synthesis Report                   ; 5000               ; 5000               ;
; Number of Inverted Registers Reported in Synthesis Report                  ; 100                ; 100                ;
; Clock MUX Protection                                                       ; On                 ; On                 ;
; Auto Gated Clock Conversion                                                ; Off                ; Off                ;
; Block Design Naming                                                        ; Auto               ; Auto               ;
; SDC constraint protection                                                  ; Off                ; Off                ;
; Synthesis Effort                                                           ; Auto               ; Auto               ;
; Shift Register Replacement - Allow Asynchronous Clear Signal               ; On                 ; On                 ;
; Analysis & Synthesis Message Level                                         ; Medium             ; Medium             ;
; Disable Register Merging Across Hierarchies                                ; Auto               ; Auto               ;
; Resource Aware Inference For Block RAM                                     ; On                 ; On                 ;
+----------------------------------------------------------------------------+--------------------+--------------------+


+------------------------------------------+
; Parallel Compilation                     ;
+----------------------------+-------------+
; Processors                 ; Number      ;
+----------------------------+-------------+
; Number detected on machine ; 4           ;
; Maximum allowed            ; 4           ;
;                            ;             ;
; Average used               ; 1.00        ;
; Maximum used               ; 1           ;
;                            ;             ;
; Usage by Processor         ; % Time Used ;
;     1 processor            ; 100.0%      ;
;     2-4 processors         ;   0.0%      ;
+----------------------------+-------------+


+-----------------------------------------------------------------------------------------------------------------------------------------------+
; Analysis & Synthesis Source Files Read                                                                                                        ;
+----------------------------------+-----------------+------------------------------------+-----------------------------------------------------+
; File Name with User-Entered Path ; Used in Netlist ; File Type                          ; File Name with Absolute Path                        ;
+----------------------------------+-----------------+------------------------------------+-----------------------------------------------------+
; ALU.bdf                          ; yes             ; User Block Diagram/Schematic File  ; H:/EDA/project/ALU/ALU.bdf                          ;
; Block1.bdf                       ; yes             ; User Block Diagram/Schematic File  ; H:/EDA/project/ALU/Block1.bdf                       ;
; Block2.bdf                       ; yes             ; User Block Diagram/Schematic File  ; H:/EDA/project/ALU/Block2.bdf                       ;
; Block3.bdf                       ; yes             ; User Block Diagram/Schematic File  ; H:/EDA/project/ALU/Block3.bdf                       ;
; Block4.bdf                       ; yes             ; User Block Diagram/Schematic File  ; H:/EDA/project/ALU/Block4.bdf                       ;
; Block5.bdf                       ; yes             ; User Block Diagram/Schematic File  ; H:/EDA/project/ALU/Block5.bdf                       ;
; Block6.bdf                       ; yes             ; User Block Diagram/Schematic File  ; H:/EDA/project/ALU/Block6.bdf                       ;
; 74283.tdf                        ; yes             ; Megafunction                       ; h:/eda/quartus/libraries/others/maxplus2/74283.tdf  ;
; f74283.bdf                       ; yes             ; Megafunction                       ; h:/eda/quartus/libraries/others/maxplus2/f74283.bdf ;
+----------------------------------+-----------------+------------------------------------+-----------------------------------------------------+


+-----------------------------------------------------+
; Analysis & Synthesis Resource Usage Summary         ;
+---------------------------------------------+-------+
; Resource                                    ; Usage ;
+---------------------------------------------+-------+
; Estimated Total logic elements              ; 34    ;
;                                             ;       ;
; Total combinational functions               ; 34    ;
; Logic element usage by number of LUT inputs ;       ;
;     -- 4 input functions                    ; 24    ;
;     -- 3 input functions                    ; 4     ;
;     -- <=2 input functions                  ; 6     ;
;                                             ;       ;
; Logic elements by mode                      ;       ;
;     -- normal mode                          ; 34    ;
;     -- arithmetic mode                      ; 0     ;
;                                             ;       ;
; Total registers                             ; 0     ;
;     -- Dedicated logic registers            ; 0     ;
;     -- I/O registers                        ; 0     ;
;                                             ;       ;
; I/O pins                                    ; 16    ;
; Maximum fan-out node                        ; CZ    ;
; Maximum fan-out                             ; 20    ;
; Total fan-out                               ; 125   ;
; Average fan-out                             ; 2.50  ;
+---------------------------------------------+-------+


+-------------------------------------------------------------------------------------------------------------------------------------------------------------------------------------------------+
; Analysis & Synthesis Resource Utilization by Entity                                                                                                                                             ;
+----------------------------+-------------------+--------------+-------------+--------------+---------+-----------+------+--------------+-----------------------------------------+--------------+
; Compilation Hierarchy Node ; LC Combinationals ; LC Registers ; Memory Bits ; DSP Elements ; DSP 9x9 ; DSP 18x18 ; Pins ; Virtual Pins ; Full Hierarchy Name                     ; Library Name ;
+----------------------------+-------------------+--------------+-------------+--------------+---------+-----------+------+--------------+-----------------------------------------+--------------+
; |ALU                       ; 34 (15)           ; 0 (0)        ; 0           ; 0            ; 0       ; 0         ; 16   ; 0            ; |ALU                                    ; work         ;
;    |Block1:inst|           ; 11 (2)            ; 0 (0)        ; 0           ; 0            ; 0       ; 0         ; 0    ; 0            ; |ALU|Block1:inst                        ; work         ;
;       |74283:inst1|        ; 9 (0)             ; 0 (0)        ; 0           ; 0            ; 0       ; 0         ; 0    ; 0            ; |ALU|Block1:inst|74283:inst1            ; work         ;
;          |f74283:sub|      ; 9 (9)             ; 0 (0)        ; 0           ; 0            ; 0       ; 0         ; 0    ; 0            ; |ALU|Block1:inst|74283:inst1|f74283:sub ; work         ;
;    |Block2:inst1|          ; 5 (3)             ; 0 (0)        ; 0           ; 0            ; 0       ; 0         ; 0    ; 0            ; |ALU|Block2:inst1                       ;              ;
;       |74283:inst|         ; 2 (0)             ; 0 (0)        ; 0           ; 0            ; 0       ; 0         ; 0    ; 0            ; |ALU|Block2:inst1|74283:inst            ; work         ;
;          |f74283:sub|      ; 2 (2)             ; 0 (0)        ; 0           ; 0            ; 0       ; 0         ; 0    ; 0            ; |ALU|Block2:inst1|74283:inst|f74283:sub ; work         ;
;    |Block5:inst4|          ; 2 (2)             ; 0 (0)        ; 0           ; 0            ; 0       ; 0         ; 0    ; 0            ; |ALU|Block5:inst4                       ; work         ;
;    |Block6:inst5|          ; 1 (1)             ; 0 (0)        ; 0           ; 0            ; 0       ; 0         ; 0    ; 0            ; |ALU|Block6:inst5                       ; work         ;
+----------------------------+-------------------+--------------+-------------+--------------+---------+-----------+------+--------------+-----------------------------------------+--------------+
Note: For table entries with two numbers listed, the numbers in parentheses indicate the number of resources of the given type used by the specific entity alone. The numbers listed outside of parentheses indicate the total resources of the given type used by the specific entity and all of its sub-entities in the hierarchy.


+------------------------------------------------------+
; General Register Statistics                          ;
+----------------------------------------------+-------+
; Statistic                                    ; Value ;
+----------------------------------------------+-------+
; Total registers                              ; 0     ;
; Number of registers using Synchronous Clear  ; 0     ;
; Number of registers using Synchronous Load   ; 0     ;
; Number of registers using Asynchronous Clear ; 0     ;
; Number of registers using Asynchronous Load  ; 0     ;
; Number of registers using Clock Enable       ; 0     ;
; Number of registers using Preset             ; 0     ;
+----------------------------------------------+-------+


+----------------------------------------------------------------------+
; Parameter Settings for User Entity Instance: Block2:inst1|74283:inst ;
+------------------------+------------+--------------------------------+
; Parameter Name         ; Value      ; Type                           ;
+------------------------+------------+--------------------------------+
; DEVICE_FAMILY          ; Cyclone II ; Untyped                        ;
; AUTO_CARRY_CHAINS      ; ON         ; AUTO_CARRY                     ;
; IGNORE_CARRY_BUFFERS   ; OFF        ; IGNORE_CARRY                   ;
; AUTO_CASCADE_CHAINS    ; ON         ; AUTO_CASCADE                   ;
; IGNORE_CASCADE_BUFFERS ; OFF        ; IGNORE_CASCADE                 ;
+------------------------+------------+--------------------------------+
Note: In order to hide this table in the UI and the text report file, please set the "Show Parameter Settings Tables in Synthesis Report" option in "Analysis and Synthesis Settings -> More Settings" to "Off".


+----------------------------------------------------------------------+
; Parameter Settings for User Entity Instance: Block1:inst|74283:inst1 ;
+------------------------+------------+--------------------------------+
; Parameter Name         ; Value      ; Type                           ;
+------------------------+------------+--------------------------------+
; DEVICE_FAMILY          ; Cyclone II ; Untyped                        ;
; AUTO_CARRY_CHAINS      ; ON         ; AUTO_CARRY                     ;
; IGNORE_CARRY_BUFFERS   ; OFF        ; IGNORE_CARRY                   ;
; AUTO_CASCADE_CHAINS    ; ON         ; AUTO_CASCADE                   ;
; IGNORE_CASCADE_BUFFERS ; OFF        ; IGNORE_CASCADE                 ;
+------------------------+------------+--------------------------------+
Note: In order to hide this table in the UI and the text report file, please set the "Show Parameter Settings Tables in Synthesis Report" option in "Analysis and Synthesis Settings -> More Settings" to "Off".


+-------------------------------+
; Analysis & Synthesis Messages ;
+-------------------------------+
Info: *******************************************************************
Info: Running Quartus II 64-Bit Analysis & Synthesis
    Info: Version 9.1 Build 350 03/24/2010 Service Pack 2 SJ Full Version
    Info: Processing started: Thu Sep 12 14:30:52 2019
Info: Command: quartus_map --read_settings_files=on --write_settings_files=off ALU -c ALU
Info: Parallel compilation is enabled and will use 4 of the 4 processors detected
Info: Found 1 design units, including 1 entities, in source file alu.bdf
    Info: Found entity 1: ALU
Info: Found 1 design units, including 1 entities, in source file block1.bdf
    Info: Found entity 1: Block1
Info: Found 1 design units, including 1 entities, in source file block2.bdf
    Info: Found entity 1: Block2
Info: Found 1 design units, including 1 entities, in source file block3.bdf
    Info: Found entity 1: Block3
Info: Found 1 design units, including 1 entities, in source file block4.bdf
    Info: Found entity 1: Block4
Info: Found 1 design units, including 1 entities, in source file block5.bdf
    Info: Found entity 1: Block5
Info: Found 1 design units, including 1 entities, in source file block6.bdf
    Info: Found entity 1: Block6
Info: Elaborating entity "ALU" for the top level hierarchy
Info: Elaborating entity "Block2" for hierarchy "Block2:inst1"
Info: Elaborating entity "74283" for hierarchy "Block2:inst1|74283:inst"
Info: Elaborated megafunction instantiation "Block2:inst1|74283:inst"
Info: Elaborating entity "f74283" for hierarchy "Block2:inst1|74283:inst|f74283:sub"
Info: Elaborated megafunction instantiation "Block2:inst1|74283:inst|f74283:sub", which is child of megafunction instantiation "Block2:inst1|74283:inst"
Info: Elaborating entity "Block6" for hierarchy "Block6:inst5"
Info: Elaborating entity "Block1" for hierarchy "Block1:inst"
Info: Elaborating entity "74283" for hierarchy "Block1:inst|74283:inst1"
Info: Elaborated megafunction instantiation "Block1:inst|74283:inst1"
Info: Elaborating entity "Block4" for hierarchy "Block4:inst3"
Info: Elaborating entity "Block3" for hierarchy "Block4:inst3|Block3:inst"
Info: Elaborating entity "Block5" for hierarchy "Block5:inst4"
Info: Ignored 30 buffer(s)
    Info: Ignored 9 CARRY buffer(s)
    Info: Ignored 21 SOFT buffer(s)
Info: Implemented 50 device resources after synthesis - the final resource count might be different
    Info: Implemented 11 input pins
    Info: Implemented 5 output pins
    Info: Implemented 34 logic cells
Info: Quartus II 64-Bit Analysis & Synthesis was successful. 0 errors, 0 warnings
    Info: Peak virtual memory: 4420 megabytes
    Info: Processing ended: Thu Sep 12 14:30:54 2019
    Info: Elapsed time: 00:00:02
    Info: Total CPU time (on all processors): 00:00:04


